[000792] 2026-05-20 13:25:22 - DEBUG - /home/runner/work/ghapi-action/ghapi-action/arxiv/xhs.py:27 - read hf-papers file-lock.json
[000799] 2026-05-20 13:25:22 - DEBUG - /home/runner/work/ghapi-action/ghapi-action/arxiv/xhs.py:32 - total hf-papers size: 232
[000801] 2026-05-20 13:25:22 - DEBUG - /home/runner/work/ghapi-action/ghapi-action/arxiv/xhs.py:137 - chrome path: /usr/bin/google-chrome
[000802] 2026-05-20 13:25:22 - DEBUG - /home/runner/work/ghapi-action/ghapi-action/arxiv/xhs.py:233 - start to publish.
[000802] 2026-05-20 13:25:22 - DEBUG - /home/runner/work/ghapi-action/ghapi-action/arxiv/xhs.py:89 - top-1[161]: https://arxiv.org/pdf/2605.12882
[000803] 2026-05-20 13:25:22 - DEBUG - /home/runner/work/ghapi-action/ghapi-action/arxiv/xhs.py:89 - top-2[143]: https://arxiv.org/pdf/2605.13779
[000803] 2026-05-20 13:25:22 - DEBUG - /home/runner/work/ghapi-action/ghapi-action/arxiv/xhs.py:89 - top-3[140]: https://arxiv.org/pdf/2605.13301
[000803] 2026-05-20 13:25:22 - DEBUG - /home/runner/work/ghapi-action/ghapi-action/arxiv/xhs.py:89 - top-4[132]: https://arxiv.org/pdf/2605.18747
[000803] 2026-05-20 13:25:22 - DEBUG - /home/runner/work/ghapi-action/ghapi-action/arxiv/xhs.py:89 - top-5[130]: https://arxiv.org/pdf/2605.15298
[000804] 2026-05-20 13:25:22 - DEBUG - /home/runner/work/ghapi-action/ghapi-action/arxiv/xhs.py:89 - top-6[121]: https://arxiv.org/pdf/2605.10616
[000804] 2026-05-20 13:25:22 - DEBUG - /home/runner/work/ghapi-action/ghapi-action/arxiv/xhs.py:89 - top-7[111]: https://arxiv.org/pdf/2605.18401
[000807] 2026-05-20 13:25:22 - DEBUG - /home/runner/work/ghapi-action/ghapi-action/arxiv/xhs.py:89 - top-8[101]: https://arxiv.org/pdf/2605.13527
[000865] 2026-05-20 13:25:22 - DEBUG - /home/runner/work/ghapi-action/ghapi-action/arxiv/xhs.py:18 - ip: 172.184.211.85
[001196] 2026-05-20 13:25:23 - DEBUG - /home/runner/work/ghapi-action/ghapi-action/arxiv/xhs.py:199 - launch chrome
[001196] 2026-05-20 13:25:23 - DEBUG - /home/runner/work/ghapi-action/ghapi-action/arxiv/xhs.py:200 - create new context
[011003] 2026-05-20 13:25:33 - DEBUG - /home/runner/work/ghapi-action/ghapi-action/arxiv/xhs.py:212 - cookies size: 15
[011034] 2026-05-20 13:25:33 - DEBUG - /home/runner/work/ghapi-action/ghapi-action/arxiv/xhs.py:218 - create new browser page
[011118] 2026-05-20 13:25:33 - DEBUG - /home/runner/work/ghapi-action/ghapi-action/arxiv/xhs.py:151 - goto home
[011139] 2026-05-20 13:25:33 - DEBUG - /home/runner/work/ghapi-action/ghapi-action/arxiv/xhs.py:145 - GET: https://creator.xiaohongshu.com/creator/home
[012011] 2026-05-20 13:25:34 - DEBUG - /home/runner/work/ghapi-action/ghapi-action/arxiv/xhs.py:148 - [200]: https://creator.xiaohongshu.com/creator/home
[012131] 2026-05-20 13:25:34 - DEBUG - /home/runner/work/ghapi-action/ghapi-action/arxiv/xhs.py:145 - GET: https://fe-static.xhscdn.com/formula-static/ugc/public/resource/js/bundler-runtime.13c47cb2.js
[012132] 2026-05-20 13:25:34 - DEBUG - /home/runner/work/ghapi-action/ghapi-action/arxiv/xhs.py:145 - GET: https://fe-static.xhscdn.com/formula-static/ugc/public/resource/js/library-delight.92870dcf.js
[012135] 2026-05-20 13:25:34 - DEBUG - /home/runner/work/ghapi-action/ghapi-action/arxiv/xhs.py:145 - GET: https://fe-static.xhscdn.com/formula-static/ugc/public/resource/js/library-polyfill.9abd4835.js
[012135] 2026-05-20 13:25:34 - DEBUG - /home/runner/work/ghapi-action/ghapi-action/arxiv/xhs.py:145 - GET: https://fe-static.xhscdn.com/formula-static/ugc/public/resource/js/project-publish-vue.bff521d6.js
[012138] 2026-05-20 13:25:34 - DEBUG - /home/runner/work/ghapi-action/ghapi-action/arxiv/xhs.py:145 - GET: https://fe-static.xhscdn.com/formula-static/ugc/public/resource/js/library-yam-beer.e01687d3.js
[012139] 2026-05-20 13:25:34 - DEBUG - /home/runner/work/ghapi-action/ghapi-action/arxiv/xhs.py:145 - GET: https://fe-static.xhscdn.com/formula-static/ugc/public/resource/js/library-element-plus.68f60ebe.js
[012139] 2026-05-20 13:25:34 - DEBUG - /home/runner/work/ghapi-action/ghapi-action/arxiv/xhs.py:145 - GET: https://fe-static.xhscdn.com/formula-static/ugc/public/resource/js/library-lodash.1c4af032.js
[012143] 2026-05-20 13:25:34 - DEBUG - /home/runner/work/ghapi-action/ghapi-action/arxiv/xhs.py:145 - GET: https://fe-static.xhscdn.com/formula-static/ugc/public/resource/js/library-launcher.070d2c68.js
[012143] 2026-05-20 13:25:34 - DEBUG - /home/runner/work/ghapi-action/ghapi-action/arxiv/xhs.py:145 - GET: https://fe-static.xhscdn.com/formula-static/ugc/public/resource/js/project-publish-components.09006002.js
[012144] 2026-05-20 13:25:34 - DEBUG - /home/runner/work/ghapi-action/ghapi-action/arxiv/xhs.py:145 - GET: https://fe-static.xhscdn.com/formula-static/ugc/public/resource/js/library-axios.6474697b.js
[012146] 2026-05-20 13:25:34 - DEBUG - /home/runner/work/ghapi-action/ghapi-action/arxiv/xhs.py:145 - GET: https://fe-static.xhscdn.com/formula-static/ugc/public/resource/js/library-vue.a92b4b21.js
[012148] 2026-05-20 13:25:34 - DEBUG - /home/runner/work/ghapi-action/ghapi-action/arxiv/xhs.py:145 - GET: https://fe-static.xhscdn.com/formula-static/ugc/public/resource/js/library-zeus-engine.7e851108.js
[012149] 2026-05-20 13:25:34 - DEBUG - /home/runner/work/ghapi-action/ghapi-action/arxiv/xhs.py:145 - GET: https://fe-static.xhscdn.com/formula-static/ugc/public/resource/js/library-protobuf.732a53b1.js
[012149] 2026-05-20 13:25:34 - DEBUG - /home/runner/work/ghapi-action/ghapi-action/arxiv/xhs.py:145 - GET: https://fe-static.xhscdn.com/formula-static/ugc/public/resource/js/library-cos-sdk.71ed67a9.js
[012151] 2026-05-20 13:25:34 - DEBUG - /home/runner/work/ghapi-action/ghapi-action/arxiv/xhs.py:145 - GET: https://fe-static.xhscdn.com/formula-static/ugc/public/resource/js/library-swiper.6dee7d8e.js
[012151] 2026-05-20 13:25:34 - DEBUG - /home/runner/work/ghapi-action/ghapi-action/arxiv/xhs.py:145 - GET: https://fe-static.xhscdn.com/formula-static/ugc/public/resource/js/library-onnxruntime.8374a9e3.js
[012151] 2026-05-20 13:25:34 - DEBUG - /home/runner/work/ghapi-action/ghapi-action/arxiv/xhs.py:145 - GET: https://fe-static.xhscdn.com/formula-static/ugc/public/resource/js/library-draggable.f898f6ca.js
[012152] 2026-05-20 13:25:34 - DEBUG - /home/runner/work/ghapi-action/ghapi-action/arxiv/xhs.py:145 - GET: https://fe-static.xhscdn.com/formula-static/ugc/public/resource/js/library-shepherd.5690f20a.js
[012153] 2026-05-20 13:25:34 - DEBUG - /home/runner/work/ghapi-action/ghapi-action/arxiv/xhs.py:145 - GET: https://fe-static.xhscdn.com/formula-static/ugc/public/resource/js/library-dexie.e7a1d970.js
[012154] 2026-05-20 13:25:34 - DEBUG - /home/runner/work/ghapi-action/ghapi-action/arxiv/xhs.py:145 - GET: https://fe-static.xhscdn.com/formula-static/ugc/public/resource/js/library-cropper.ae772f1f.js
[012154] 2026-05-20 13:25:34 - DEBUG - /home/runner/work/ghapi-action/ghapi-action/arxiv/xhs.py:145 - GET: https://fe-static.xhscdn.com/formula-static/ugc/public/resource/js/mp4box.1a4d8cdf.js
[012154] 2026-05-20 13:25:34 - DEBUG - /home/runner/work/ghapi-action/ghapi-action/arxiv/xhs.py:145 - GET: https://fe-static.xhscdn.com/formula-static/ugc/public/resource/js/9571.cfcf170a.js
[012155] 2026-05-20 13:25:34 - DEBUG - /home/runner/work/ghapi-action/ghapi-action/arxiv/xhs.py:145 - GET: https://fe-static.xhscdn.com/formula-static/ugc/public/resource/js/index.619a1621.js
[012156] 2026-05-20 13:25:34 - DEBUG - /home/runner/work/ghapi-action/ghapi-action/arxiv/xhs.py:145 - GET: https://fe-static.xhscdn.com/formula-static/ugc/public/resource/css/library-delight.67c4b644.css
[012156] 2026-05-20 13:25:34 - DEBUG - /home/runner/work/ghapi-action/ghapi-action/arxiv/xhs.py:145 - GET: https://fe-static.xhscdn.com/formula-static/ugc/public/resource/css/project-publish-vue.a17f48f5.css
[012156] 2026-05-20 13:25:34 - DEBUG - /home/runner/work/ghapi-action/ghapi-action/arxiv/xhs.py:145 - GET: https://fe-static.xhscdn.com/formula-static/ugc/public/resource/css/library-element-plus.12a8b6d7.css
[012157] 2026-05-20 13:25:34 - DEBUG - /home/runner/work/ghapi-action/ghapi-action/arxiv/xhs.py:145 - GET: https://fe-static.xhscdn.com/formula-static/ugc/public/resource/css/library-launcher.d1f5fad0.css
[012157] 2026-05-20 13:25:34 - DEBUG - /home/runner/work/ghapi-action/ghapi-action/arxiv/xhs.py:145 - GET: https://fe-static.xhscdn.com/formula-static/ugc/public/resource/css/project-publish-components.a13a8cf5.css
[012157] 2026-05-20 13:25:34 - DEBUG - /home/runner/work/ghapi-action/ghapi-action/arxiv/xhs.py:145 - GET: https://fe-static.xhscdn.com/formula-static/ugc/public/resource/css/library-swiper.c6c2b4bf.css
[012159] 2026-05-20 13:25:34 - DEBUG - /home/runner/work/ghapi-action/ghapi-action/arxiv/xhs.py:145 - GET: https://fe-static.xhscdn.com/formula-static/ugc/public/resource/css/library-shepherd.4752e570.css
[012160] 2026-05-20 13:25:34 - DEBUG - /home/runner/work/ghapi-action/ghapi-action/arxiv/xhs.py:145 - GET: https://fe-static.xhscdn.com/formula-static/ugc/public/resource/css/library-cropper.90fe89d2.css
[012160] 2026-05-20 13:25:34 - DEBUG - /home/runner/work/ghapi-action/ghapi-action/arxiv/xhs.py:145 - GET: https://fe-static.xhscdn.com/formula-static/ugc/public/resource/css/9571.f4298698.css
[012160] 2026-05-20 13:25:34 - DEBUG - /home/runner/work/ghapi-action/ghapi-action/arxiv/xhs.py:145 - GET: https://fe-static.xhscdn.com/formula-static/ugc/public/resource/css/index.ad815e0c.css
[012298] 2026-05-20 13:25:34 - DEBUG - /home/runner/work/ghapi-action/ghapi-action/arxiv/xhs.py:148 - [200]: https://fe-static.xhscdn.com/formula-static/ugc/public/resource/css/library-delight.67c4b644.css
[012325] 2026-05-20 13:25:34 - DEBUG - /home/runner/work/ghapi-action/ghapi-action/arxiv/xhs.py:148 - [200]: https://fe-static.xhscdn.com/formula-static/ugc/public/resource/css/project-publish-vue.a17f48f5.css
[012334] 2026-05-20 13:25:34 - DEBUG - /home/runner/work/ghapi-action/ghapi-action/arxiv/xhs.py:148 - [200]: https://fe-static.xhscdn.com/formula-static/ugc/public/resource/css/library-element-plus.12a8b6d7.css
[012335] 2026-05-20 13:25:34 - DEBUG - /home/runner/work/ghapi-action/ghapi-action/arxiv/xhs.py:148 - [200]: https://fe-static.xhscdn.com/formula-static/ugc/public/resource/css/library-launcher.d1f5fad0.css
[012344] 2026-05-20 13:25:34 - DEBUG - /home/runner/work/ghapi-action/ghapi-action/arxiv/xhs.py:148 - [200]: https://fe-static.xhscdn.com/formula-static/ugc/public/resource/css/project-publish-components.a13a8cf5.css
[012358] 2026-05-20 13:25:34 - DEBUG - /home/runner/work/ghapi-action/ghapi-action/arxiv/xhs.py:148 - [200]: https://fe-static.xhscdn.com/formula-static/ugc/public/resource/css/library-swiper.c6c2b4bf.css
[012358] 2026-05-20 13:25:34 - DEBUG - /home/runner/work/ghapi-action/ghapi-action/arxiv/xhs.py:148 - [200]: https://fe-static.xhscdn.com/formula-static/ugc/public/resource/css/library-shepherd.4752e570.css
[012366] 2026-05-20 13:25:34 - DEBUG - /home/runner/work/ghapi-action/ghapi-action/arxiv/xhs.py:148 - [200]: https://fe-static.xhscdn.com/formula-static/ugc/public/resource/css/library-cropper.90fe89d2.css
[012367] 2026-05-20 13:25:34 - DEBUG - /home/runner/work/ghapi-action/ghapi-action/arxiv/xhs.py:148 - [200]: https://fe-static.xhscdn.com/formula-static/ugc/public/resource/css/9571.f4298698.css
[012367] 2026-05-20 13:25:34 - DEBUG - /home/runner/work/ghapi-action/ghapi-action/arxiv/xhs.py:148 - [200]: https://fe-static.xhscdn.com/formula-static/ugc/public/resource/css/index.ad815e0c.css
[012442] 2026-05-20 13:25:34 - DEBUG - /home/runner/work/ghapi-action/ghapi-action/arxiv/xhs.py:148 - [200]: https://fe-static.xhscdn.com/formula-static/ugc/public/resource/js/bundler-runtime.13c47cb2.js
[012442] 2026-05-20 13:25:34 - DEBUG - /home/runner/work/ghapi-action/ghapi-action/arxiv/xhs.py:148 - [200]: https://fe-static.xhscdn.com/formula-static/ugc/public/resource/js/library-delight.92870dcf.js
[012474] 2026-05-20 13:25:34 - DEBUG - /home/runner/work/ghapi-action/ghapi-action/arxiv/xhs.py:148 - [200]: https://fe-static.xhscdn.com/formula-static/ugc/public/resource/js/library-axios.6474697b.js
[012475] 2026-05-20 13:25:34 - DEBUG - /home/runner/work/ghapi-action/ghapi-action/arxiv/xhs.py:148 - [200]: https://fe-static.xhscdn.com/formula-static/ugc/public/resource/js/library-shepherd.5690f20a.js
[012475] 2026-05-20 13:25:34 - DEBUG - /home/runner/work/ghapi-action/ghapi-action/arxiv/xhs.py:148 - [200]: https://fe-static.xhscdn.com/formula-static/ugc/public/resource/js/library-swiper.6dee7d8e.js
[012477] 2026-05-20 13:25:34 - DEBUG - /home/runner/work/ghapi-action/ghapi-action/arxiv/xhs.py:148 - [200]: https://fe-static.xhscdn.com/formula-static/ugc/public/resource/js/library-draggable.f898f6ca.js
[012478] 2026-05-20 13:25:34 - DEBUG - /home/runner/work/ghapi-action/ghapi-action/arxiv/xhs.py:148 - [200]: https://fe-static.xhscdn.com/formula-static/ugc/public/resource/js/library-polyfill.9abd4835.js
[012480] 2026-05-20 13:25:34 - DEBUG - /home/runner/work/ghapi-action/ghapi-action/arxiv/xhs.py:148 - [200]: https://fe-static.xhscdn.com/formula-static/ugc/public/resource/js/library-cos-sdk.71ed67a9.js
[012484] 2026-05-20 13:25:34 - DEBUG - /home/runner/work/ghapi-action/ghapi-action/arxiv/xhs.py:148 - [200]: https://fe-static.xhscdn.com/formula-static/ugc/public/resource/js/mp4box.1a4d8cdf.js
[012485] 2026-05-20 13:25:34 - DEBUG - /home/runner/work/ghapi-action/ghapi-action/arxiv/xhs.py:148 - [200]: https://fe-static.xhscdn.com/formula-static/ugc/public/resource/js/library-cropper.ae772f1f.js
[012487] 2026-05-20 13:25:34 - DEBUG - /home/runner/work/ghapi-action/ghapi-action/arxiv/xhs.py:148 - [200]: https://fe-static.xhscdn.com/formula-static/ugc/public/resource/js/library-dexie.e7a1d970.js
[012489] 2026-05-20 13:25:34 - DEBUG - /home/runner/work/ghapi-action/ghapi-action/arxiv/xhs.py:148 - [200]: https://fe-static.xhscdn.com/formula-static/ugc/public/resource/js/library-lodash.1c4af032.js
[012489] 2026-05-20 13:25:34 - DEBUG - /home/runner/work/ghapi-action/ghapi-action/arxiv/xhs.py:148 - [200]: https://fe-static.xhscdn.com/formula-static/ugc/public/resource/js/project-publish-components.09006002.js
[012490] 2026-05-20 13:25:34 - DEBUG - /home/runner/work/ghapi-action/ghapi-action/arxiv/xhs.py:148 - [200]: https://fe-static.xhscdn.com/formula-static/ugc/public/resource/js/library-zeus-engine.7e851108.js
[012492] 2026-05-20 13:25:34 - DEBUG - /home/runner/work/ghapi-action/ghapi-action/arxiv/xhs.py:148 - [200]: https://fe-static.xhscdn.com/formula-static/ugc/public/resource/js/library-vue.a92b4b21.js
[012493] 2026-05-20 13:25:34 - DEBUG - /home/runner/work/ghapi-action/ghapi-action/arxiv/xhs.py:148 - [200]: https://fe-static.xhscdn.com/formula-static/ugc/public/resource/js/library-protobuf.732a53b1.js
[012494] 2026-05-20 13:25:34 - DEBUG - /home/runner/work/ghapi-action/ghapi-action/arxiv/xhs.py:148 - [200]: https://fe-static.xhscdn.com/formula-static/ugc/public/resource/js/library-onnxruntime.8374a9e3.js
[012494] 2026-05-20 13:25:34 - DEBUG - /home/runner/work/ghapi-action/ghapi-action/arxiv/xhs.py:148 - [200]: https://fe-static.xhscdn.com/formula-static/ugc/public/resource/js/library-yam-beer.e01687d3.js
[012496] 2026-05-20 13:25:34 - DEBUG - /home/runner/work/ghapi-action/ghapi-action/arxiv/xhs.py:148 - [200]: https://fe-static.xhscdn.com/formula-static/ugc/public/resource/js/library-launcher.070d2c68.js
[012497] 2026-05-20 13:25:34 - DEBUG - /home/runner/work/ghapi-action/ghapi-action/arxiv/xhs.py:148 - [200]: https://fe-static.xhscdn.com/formula-static/ugc/public/resource/js/library-element-plus.68f60ebe.js
[012497] 2026-05-20 13:25:34 - DEBUG - /home/runner/work/ghapi-action/ghapi-action/arxiv/xhs.py:148 - [200]: https://fe-static.xhscdn.com/formula-static/ugc/public/resource/js/index.619a1621.js
[012498] 2026-05-20 13:25:34 - DEBUG - /home/runner/work/ghapi-action/ghapi-action/arxiv/xhs.py:148 - [200]: https://fe-static.xhscdn.com/formula-static/ugc/public/resource/js/project-publish-vue.bff521d6.js
[012498] 2026-05-20 13:25:34 - DEBUG - /home/runner/work/ghapi-action/ghapi-action/arxiv/xhs.py:148 - [200]: https://fe-static.xhscdn.com/formula-static/ugc/public/resource/js/9571.cfcf170a.js
[013455] 2026-05-20 13:25:35 - DEBUG - /home/runner/work/ghapi-action/ghapi-action/arxiv/xhs.py:145 - GET: https://fe-video-qc.xhscdn.com/fe-platform/abf6e0874371419fa6fffa7540610e2013588fe6/html2canvas.min.js
[013457] 2026-05-20 13:25:35 - DEBUG - /home/runner/work/ghapi-action/ghapi-action/arxiv/xhs.py:145 - GET: https://fe-static.xhscdn.com/formula-static/ugc/public/resource/image/delete.1d1c19d7.png
[013457] 2026-05-20 13:25:35 - DEBUG - /home/runner/work/ghapi-action/ghapi-action/arxiv/xhs.py:145 - GET: https://fe-static.xhscdn.com/formula-static/ugc/public/resource/image/rotate.b15866a9.png
[013458] 2026-05-20 13:25:35 - DEBUG - /home/runner/work/ghapi-action/ghapi-action/arxiv/xhs.py:145 - GET: https://fe-static.xhscdn.com/formula-static/ugc/public/resource/image/copy.8d6a3751.png
[013458] 2026-05-20 13:25:35 - DEBUG - /home/runner/work/ghapi-action/ghapi-action/arxiv/xhs.py:145 - GET: https://fe-static.xhscdn.com/formula-static/ugc/public/resource/image/plus.d6c322bd.png
[013458] 2026-05-20 13:25:35 - DEBUG - /home/runner/work/ghapi-action/ghapi-action/arxiv/xhs.py:145 - GET: https://fe-static.xhscdn.com/formula-static/ugc/public/resource/js/async/6391.81c30119.js
[013458] 2026-05-20 13:25:35 - DEBUG - /home/runner/work/ghapi-action/ghapi-action/arxiv/xhs.py:145 - POST: https://as.xiaohongshu.com/api/p/pj
[013459] 2026-05-20 13:25:35 - DEBUG - /home/runner/work/ghapi-action/ghapi-action/arxiv/xhs.py:145 - POST: https://as.xiaohongshu.com/api/sec/v1/scripting
[013462] 2026-05-20 13:25:35 - DEBUG - /home/runner/work/ghapi-action/ghapi-action/arxiv/xhs.py:148 - [200]: https://fe-static.xhscdn.com/formula-static/ugc/public/resource/image/delete.1d1c19d7.png
[013462] 2026-05-20 13:25:35 - DEBUG - /home/runner/work/ghapi-action/ghapi-action/arxiv/xhs.py:148 - [200]: https://fe-static.xhscdn.com/formula-static/ugc/public/resource/image/rotate.b15866a9.png
[013463] 2026-05-20 13:25:35 - DEBUG - /home/runner/work/ghapi-action/ghapi-action/arxiv/xhs.py:148 - [200]: https://fe-static.xhscdn.com/formula-static/ugc/public/resource/image/copy.8d6a3751.png
[013463] 2026-05-20 13:25:35 - DEBUG - /home/runner/work/ghapi-action/ghapi-action/arxiv/xhs.py:148 - [200]: https://fe-static.xhscdn.com/formula-static/ugc/public/resource/image/plus.d6c322bd.png
[013485] 2026-05-20 13:25:35 - DEBUG - /home/runner/work/ghapi-action/ghapi-action/arxiv/xhs.py:148 - [200]: https://fe-video-qc.xhscdn.com/fe-platform/abf6e0874371419fa6fffa7540610e2013588fe6/html2canvas.min.js
[013485] 2026-05-20 13:25:35 - DEBUG - /home/runner/work/ghapi-action/ghapi-action/arxiv/xhs.py:148 - [200]: https://fe-static.xhscdn.com/formula-static/ugc/public/resource/js/async/6391.81c30119.js
[013727] 2026-05-20 13:25:35 - DEBUG - /home/runner/work/ghapi-action/ghapi-action/arxiv/xhs.py:145 - POST: https://apm-fe.xiaohongshu.com/api/data
[013729] 2026-05-20 13:25:35 - DEBUG - /home/runner/work/ghapi-action/ghapi-action/arxiv/xhs.py:145 - POST: https://apm-fe.xiaohongshu.com/api/data
[013729] 2026-05-20 13:25:35 - DEBUG - /home/runner/work/ghapi-action/ghapi-action/arxiv/xhs.py:145 - POST: https://apm-fe.xiaohongshu.com/api/data
[013730] 2026-05-20 13:25:35 - DEBUG - /home/runner/work/ghapi-action/ghapi-action/arxiv/xhs.py:145 - POST: https://apm-fe.xiaohongshu.com/api/data
[013730] 2026-05-20 13:25:35 - DEBUG - /home/runner/work/ghapi-action/ghapi-action/arxiv/xhs.py:145 - POST: https://apm-fe.xiaohongshu.com/api/data
[013731] 2026-05-20 13:25:35 - DEBUG - /home/runner/work/ghapi-action/ghapi-action/arxiv/xhs.py:145 - POST: https://apm-fe.xiaohongshu.com/api/data
[013731] 2026-05-20 13:25:35 - DEBUG - /home/runner/work/ghapi-action/ghapi-action/arxiv/xhs.py:145 - POST: https://apm-fe.xiaohongshu.com/api/data
[013732] 2026-05-20 13:25:35 - DEBUG - /home/runner/work/ghapi-action/ghapi-action/arxiv/xhs.py:145 - POST: https://apm-fe.xiaohongshu.com/api/data
[013742] 2026-05-20 13:25:35 - DEBUG - /home/runner/work/ghapi-action/ghapi-action/arxiv/xhs.py:153 - 小红书创作服务平台
[013742] 2026-05-20 13:25:35 - DEBUG - /home/runner/work/ghapi-action/ghapi-action/arxiv/xhs.py:156 - <Locator frame=<Frame name= url='https://creator.xiaohongshu.com/creator/home'> selector='internal:text="\\u53d1\\u5e03\\u7b14\\u8bb0"s'>
[013743] 2026-05-20 13:25:35 - DEBUG - /home/runner/work/ghapi-action/ghapi-action/arxiv/xhs.py:167 - prepare to publish 2605.12882
[015010] 2026-05-20 13:25:37 - DEBUG - /home/runner/work/ghapi-action/ghapi-action/arxiv/xhs.py:148 - [200]: https://apm-fe.xiaohongshu.com/api/data
[015011] 2026-05-20 13:25:37 - DEBUG - /home/runner/work/ghapi-action/ghapi-action/arxiv/xhs.py:148 - [200]: https://apm-fe.xiaohongshu.com/api/data
[015296] 2026-05-20 13:25:37 - DEBUG - /home/runner/work/ghapi-action/ghapi-action/arxiv/xhs.py:148 - [200]: https://as.xiaohongshu.com/api/p/pj
[015296] 2026-05-20 13:25:37 - DEBUG - /home/runner/work/ghapi-action/ghapi-action/arxiv/xhs.py:148 - [200]: https://as.xiaohongshu.com/api/sec/v1/scripting
[015414] 2026-05-20 13:25:37 - DEBUG - /home/runner/work/ghapi-action/ghapi-action/arxiv/xhs.py:148 - [200]: https://apm-fe.xiaohongshu.com/api/data
[015415] 2026-05-20 13:25:37 - DEBUG - /home/runner/work/ghapi-action/ghapi-action/arxiv/xhs.py:148 - [200]: https://apm-fe.xiaohongshu.com/api/data
[015621] 2026-05-20 13:25:37 - DEBUG - /home/runner/work/ghapi-action/ghapi-action/arxiv/xhs.py:148 - [200]: https://apm-fe.xiaohongshu.com/api/data
[015623] 2026-05-20 13:25:37 - DEBUG - /home/runner/work/ghapi-action/ghapi-action/arxiv/xhs.py:148 - [200]: https://apm-fe.xiaohongshu.com/api/data
[015624] 2026-05-20 13:25:37 - DEBUG - /home/runner/work/ghapi-action/ghapi-action/arxiv/xhs.py:148 - [200]: https://apm-fe.xiaohongshu.com/api/data
[015855] 2026-05-20 13:25:37 - DEBUG - /home/runner/work/ghapi-action/ghapi-action/arxiv/xhs.py:145 - POST: https://as.xiaohongshu.com/api/sec/v1/sbtsource
[015906] 2026-05-20 13:25:37 - DEBUG - /home/runner/work/ghapi-action/ghapi-action/arxiv/xhs.py:145 - GET: https://creator.xiaohongshu.com/api/galaxy/user/info
[015922] 2026-05-20 13:25:37 - DEBUG - /home/runner/work/ghapi-action/ghapi-action/arxiv/xhs.py:145 - POST: https://edith.xiaohongshu.com/api/redcaptcha/v2/getconfig
[015924] 2026-05-20 13:25:37 - DEBUG - /home/runner/work/ghapi-action/ghapi-action/arxiv/xhs.py:145 - POST: https://apm-fe.xiaohongshu.com/api/data
[015925] 2026-05-20 13:25:37 - DEBUG - /home/runner/work/ghapi-action/ghapi-action/arxiv/xhs.py:148 - [200]: https://apm-fe.xiaohongshu.com/api/data
[016115] 2026-05-20 13:25:38 - DEBUG - /home/runner/work/ghapi-action/ghapi-action/arxiv/xhs.py:148 - [401]: https://creator.xiaohongshu.com/api/galaxy/user/info
[016135] 2026-05-20 13:25:38 - DEBUG - /home/runner/work/ghapi-action/ghapi-action/arxiv/xhs.py:145 - GET: https://creator.xiaohongshu.com/login?source=&redirectReason=401&lastUrl=%252Fcreator%252Fhome
[016138] 2026-05-20 13:25:38 - DEBUG - /home/runner/work/ghapi-action/ghapi-action/arxiv/xhs.py:145 - GET: https://fe-static.xhscdn.com/formula-static/ugc/public/resource/js/async/9510.cf62219b.js
[016138] 2026-05-20 13:25:38 - DEBUG - /home/runner/work/ghapi-action/ghapi-action/arxiv/xhs.py:145 - GET: https://fe-static.xhscdn.com/formula-static/ugc/public/resource/css/async/6378.c3542eaa.css
[016140] 2026-05-20 13:25:38 - DEBUG - /home/runner/work/ghapi-action/ghapi-action/arxiv/xhs.py:145 - GET: https://fe-static.xhscdn.com/formula-static/ugc/public/resource/js/async/6378.268767a9.js
[016140] 2026-05-20 13:25:38 - DEBUG - /home/runner/work/ghapi-action/ghapi-action/arxiv/xhs.py:145 - GET: https://fe-static.xhscdn.com/formula-static/ugc/public/resource/css/async/6583.200d3dce.css
[016140] 2026-05-20 13:25:38 - DEBUG - /home/runner/work/ghapi-action/ghapi-action/arxiv/xhs.py:145 - GET: https://fe-static.xhscdn.com/formula-static/ugc/public/resource/js/async/6583.e784dd1e.js
[016142] 2026-05-20 13:25:38 - DEBUG - /home/runner/work/ghapi-action/ghapi-action/arxiv/xhs.py:145 - POST: https://apm-fe.xiaohongshu.com/api/data
[016144] 2026-05-20 13:25:38 - DEBUG - /home/runner/work/ghapi-action/ghapi-action/arxiv/xhs.py:148 - [200]: https://fe-static.xhscdn.com/formula-static/ugc/public/resource/js/async/9510.cf62219b.js
[016145] 2026-05-20 13:25:38 - DEBUG - /home/runner/work/ghapi-action/ghapi-action/arxiv/xhs.py:148 - [200]: https://fe-static.xhscdn.com/formula-static/ugc/public/resource/css/async/6378.c3542eaa.css
[016145] 2026-05-20 13:25:38 - DEBUG - /home/runner/work/ghapi-action/ghapi-action/arxiv/xhs.py:148 - [200]: https://fe-static.xhscdn.com/formula-static/ugc/public/resource/css/async/6583.200d3dce.css
[016146] 2026-05-20 13:25:38 - DEBUG - /home/runner/work/ghapi-action/ghapi-action/arxiv/xhs.py:148 - [200]: https://apm-fe.xiaohongshu.com/api/data
[016151] 2026-05-20 13:25:38 - DEBUG - /home/runner/work/ghapi-action/ghapi-action/arxiv/xhs.py:148 - [200]: https://fe-static.xhscdn.com/formula-static/ugc/public/resource/js/async/6583.e784dd1e.js
[016155] 2026-05-20 13:25:38 - DEBUG - /home/runner/work/ghapi-action/ghapi-action/arxiv/xhs.py:148 - [200]: https://fe-static.xhscdn.com/formula-static/ugc/public/resource/js/async/6378.268767a9.js
[016359] 2026-05-20 13:25:38 - DEBUG - /home/runner/work/ghapi-action/ghapi-action/arxiv/xhs.py:148 - [200]: https://creator.xiaohongshu.com/login?source=&redirectReason=401&lastUrl=%252Fcreator%252Fhome
[016414] 2026-05-20 13:25:38 - DEBUG - /home/runner/work/ghapi-action/ghapi-action/arxiv/xhs.py:145 - GET: https://fe-static.xhscdn.com/formula-static/ugc/public/resource/image/background.bb565efc.png
[016415] 2026-05-20 13:25:38 - DEBUG - /home/runner/work/ghapi-action/ghapi-action/arxiv/xhs.py:145 - GET: https://customer.xiaohongshu.com/api/cas/customer/web/zones?service=https:%2F%2Fcreator.xiaohongshu.com
[016416] 2026-05-20 13:25:38 - DEBUG - /home/runner/work/ghapi-action/ghapi-action/arxiv/xhs.py:145 - POST: https://customer.xiaohongshu.com/api/cas/customer/web/service-ticket
[016417] 2026-05-20 13:25:38 - DEBUG - /home/runner/work/ghapi-action/ghapi-action/arxiv/xhs.py:148 - [200]: https://fe-static.xhscdn.com/formula-static/ugc/public/resource/image/background.bb565efc.png
[016509] 2026-05-20 13:25:38 - DEBUG - /home/runner/work/ghapi-action/ghapi-action/arxiv/xhs.py:145 - GET: https://fe-static.xhscdn.com/formula-static/ugc/public/resource/js/bundler-runtime.13c47cb2.js
[016510] 2026-05-20 13:25:38 - DEBUG - /home/runner/work/ghapi-action/ghapi-action/arxiv/xhs.py:148 - [200]: https://fe-static.xhscdn.com/formula-static/ugc/public/resource/js/bundler-runtime.13c47cb2.js
[016510] 2026-05-20 13:25:38 - DEBUG - /home/runner/work/ghapi-action/ghapi-action/arxiv/xhs.py:145 - GET: https://fe-static.xhscdn.com/formula-static/ugc/public/resource/js/library-delight.92870dcf.js
[016510] 2026-05-20 13:25:38 - DEBUG - /home/runner/work/ghapi-action/ghapi-action/arxiv/xhs.py:148 - [200]: https://fe-static.xhscdn.com/formula-static/ugc/public/resource/js/library-delight.92870dcf.js
[016515] 2026-05-20 13:25:38 - DEBUG - /home/runner/work/ghapi-action/ghapi-action/arxiv/xhs.py:145 - GET: https://fe-static.xhscdn.com/formula-static/ugc/public/resource/js/library-polyfill.9abd4835.js
[016515] 2026-05-20 13:25:38 - DEBUG - /home/runner/work/ghapi-action/ghapi-action/arxiv/xhs.py:148 - [200]: https://fe-static.xhscdn.com/formula-static/ugc/public/resource/js/library-polyfill.9abd4835.js
[016516] 2026-05-20 13:25:38 - DEBUG - /home/runner/work/ghapi-action/ghapi-action/arxiv/xhs.py:145 - GET: https://fe-static.xhscdn.com/formula-static/ugc/public/resource/js/project-publish-vue.bff521d6.js
[016516] 2026-05-20 13:25:38 - DEBUG - /home/runner/work/ghapi-action/ghapi-action/arxiv/xhs.py:148 - [200]: https://fe-static.xhscdn.com/formula-static/ugc/public/resource/js/project-publish-vue.bff521d6.js
[016516] 2026-05-20 13:25:38 - DEBUG - /home/runner/work/ghapi-action/ghapi-action/arxiv/xhs.py:145 - GET: https://fe-static.xhscdn.com/formula-static/ugc/public/resource/js/library-yam-beer.e01687d3.js
[016522] 2026-05-20 13:25:38 - DEBUG - /home/runner/work/ghapi-action/ghapi-action/arxiv/xhs.py:148 - [200]: https://fe-static.xhscdn.com/formula-static/ugc/public/resource/js/library-yam-beer.e01687d3.js
[016522] 2026-05-20 13:25:38 - DEBUG - /home/runner/work/ghapi-action/ghapi-action/arxiv/xhs.py:145 - GET: https://fe-static.xhscdn.com/formula-static/ugc/public/resource/js/library-element-plus.68f60ebe.js
[016523] 2026-05-20 13:25:38 - DEBUG - /home/runner/work/ghapi-action/ghapi-action/arxiv/xhs.py:148 - [200]: https://fe-static.xhscdn.com/formula-static/ugc/public/resource/js/library-element-plus.68f60ebe.js
[016523] 2026-05-20 13:25:38 - DEBUG - /home/runner/work/ghapi-action/ghapi-action/arxiv/xhs.py:145 - GET: https://fe-static.xhscdn.com/formula-static/ugc/public/resource/js/library-lodash.1c4af032.js
[016527] 2026-05-20 13:25:38 - DEBUG - /home/runner/work/ghapi-action/ghapi-action/arxiv/xhs.py:148 - [200]: https://fe-static.xhscdn.com/formula-static/ugc/public/resource/js/library-lodash.1c4af032.js
[016528] 2026-05-20 13:25:38 - DEBUG - /home/runner/work/ghapi-action/ghapi-action/arxiv/xhs.py:145 - GET: https://fe-static.xhscdn.com/formula-static/ugc/public/resource/js/library-launcher.070d2c68.js
[016528] 2026-05-20 13:25:38 - DEBUG - /home/runner/work/ghapi-action/ghapi-action/arxiv/xhs.py:148 - [200]: https://fe-static.xhscdn.com/formula-static/ugc/public/resource/js/library-launcher.070d2c68.js
[016529] 2026-05-20 13:25:38 - DEBUG - /home/runner/work/ghapi-action/ghapi-action/arxiv/xhs.py:145 - GET: https://fe-static.xhscdn.com/formula-static/ugc/public/resource/js/project-publish-components.09006002.js
[016529] 2026-05-20 13:25:38 - DEBUG - /home/runner/work/ghapi-action/ghapi-action/arxiv/xhs.py:148 - [200]: https://fe-static.xhscdn.com/formula-static/ugc/public/resource/js/project-publish-components.09006002.js
[016529] 2026-05-20 13:25:38 - DEBUG - /home/runner/work/ghapi-action/ghapi-action/arxiv/xhs.py:145 - GET: https://fe-static.xhscdn.com/formula-static/ugc/public/resource/js/library-axios.6474697b.js
[016534] 2026-05-20 13:25:38 - DEBUG - /home/runner/work/ghapi-action/ghapi-action/arxiv/xhs.py:148 - [200]: https://fe-static.xhscdn.com/formula-static/ugc/public/resource/js/library-axios.6474697b.js
[016534] 2026-05-20 13:25:38 - DEBUG - /home/runner/work/ghapi-action/ghapi-action/arxiv/xhs.py:145 - GET: https://fe-static.xhscdn.com/formula-static/ugc/public/resource/js/library-vue.a92b4b21.js
[016535] 2026-05-20 13:25:38 - DEBUG - /home/runner/work/ghapi-action/ghapi-action/arxiv/xhs.py:148 - [200]: https://fe-static.xhscdn.com/formula-static/ugc/public/resource/js/library-vue.a92b4b21.js
[016541] 2026-05-20 13:25:38 - DEBUG - /home/runner/work/ghapi-action/ghapi-action/arxiv/xhs.py:145 - GET: https://fe-static.xhscdn.com/formula-static/ugc/public/resource/js/library-zeus-engine.7e851108.js
[016541] 2026-05-20 13:25:38 - DEBUG - /home/runner/work/ghapi-action/ghapi-action/arxiv/xhs.py:148 - [200]: https://fe-static.xhscdn.com/formula-static/ugc/public/resource/js/library-zeus-engine.7e851108.js
[016541] 2026-05-20 13:25:38 - DEBUG - /home/runner/work/ghapi-action/ghapi-action/arxiv/xhs.py:145 - GET: https://fe-static.xhscdn.com/formula-static/ugc/public/resource/js/library-protobuf.732a53b1.js
[016542] 2026-05-20 13:25:38 - DEBUG - /home/runner/work/ghapi-action/ghapi-action/arxiv/xhs.py:148 - [200]: https://fe-static.xhscdn.com/formula-static/ugc/public/resource/js/library-protobuf.732a53b1.js
[016542] 2026-05-20 13:25:38 - DEBUG - /home/runner/work/ghapi-action/ghapi-action/arxiv/xhs.py:145 - GET: https://fe-static.xhscdn.com/formula-static/ugc/public/resource/js/library-cos-sdk.71ed67a9.js
[016545] 2026-05-20 13:25:38 - DEBUG - /home/runner/work/ghapi-action/ghapi-action/arxiv/xhs.py:148 - [200]: https://fe-static.xhscdn.com/formula-static/ugc/public/resource/js/library-cos-sdk.71ed67a9.js
[016545] 2026-05-20 13:25:38 - DEBUG - /home/runner/work/ghapi-action/ghapi-action/arxiv/xhs.py:145 - GET: https://fe-static.xhscdn.com/formula-static/ugc/public/resource/js/library-swiper.6dee7d8e.js
[016546] 2026-05-20 13:25:38 - DEBUG - /home/runner/work/ghapi-action/ghapi-action/arxiv/xhs.py:148 - [200]: https://fe-static.xhscdn.com/formula-static/ugc/public/resource/js/library-swiper.6dee7d8e.js
[016549] 2026-05-20 13:25:38 - DEBUG - /home/runner/work/ghapi-action/ghapi-action/arxiv/xhs.py:145 - GET: https://fe-static.xhscdn.com/formula-static/ugc/public/resource/js/library-onnxruntime.8374a9e3.js
[016549] 2026-05-20 13:25:38 - DEBUG - /home/runner/work/ghapi-action/ghapi-action/arxiv/xhs.py:148 - [200]: https://fe-static.xhscdn.com/formula-static/ugc/public/resource/js/library-onnxruntime.8374a9e3.js
[016549] 2026-05-20 13:25:38 - DEBUG - /home/runner/work/ghapi-action/ghapi-action/arxiv/xhs.py:145 - GET: https://fe-static.xhscdn.com/formula-static/ugc/public/resource/js/library-draggable.f898f6ca.js
[016550] 2026-05-20 13:25:38 - DEBUG - /home/runner/work/ghapi-action/ghapi-action/arxiv/xhs.py:148 - [200]: https://fe-static.xhscdn.com/formula-static/ugc/public/resource/js/library-draggable.f898f6ca.js
[016550] 2026-05-20 13:25:38 - DEBUG - /home/runner/work/ghapi-action/ghapi-action/arxiv/xhs.py:145 - GET: https://fe-static.xhscdn.com/formula-static/ugc/public/resource/js/library-shepherd.5690f20a.js
[016553] 2026-05-20 13:25:38 - DEBUG - /home/runner/work/ghapi-action/ghapi-action/arxiv/xhs.py:148 - [200]: https://fe-static.xhscdn.com/formula-static/ugc/public/resource/js/library-shepherd.5690f20a.js
[016554] 2026-05-20 13:25:38 - DEBUG - /home/runner/work/ghapi-action/ghapi-action/arxiv/xhs.py:145 - GET: https://fe-static.xhscdn.com/formula-static/ugc/public/resource/js/library-dexie.e7a1d970.js
[016554] 2026-05-20 13:25:38 - DEBUG - /home/runner/work/ghapi-action/ghapi-action/arxiv/xhs.py:148 - [200]: https://fe-static.xhscdn.com/formula-static/ugc/public/resource/js/library-dexie.e7a1d970.js
[016556] 2026-05-20 13:25:38 - DEBUG - /home/runner/work/ghapi-action/ghapi-action/arxiv/xhs.py:145 - GET: https://fe-static.xhscdn.com/formula-static/ugc/public/resource/js/library-cropper.ae772f1f.js
[016556] 2026-05-20 13:25:38 - DEBUG - /home/runner/work/ghapi-action/ghapi-action/arxiv/xhs.py:148 - [200]: https://fe-static.xhscdn.com/formula-static/ugc/public/resource/js/library-cropper.ae772f1f.js
[016557] 2026-05-20 13:25:38 - DEBUG - /home/runner/work/ghapi-action/ghapi-action/arxiv/xhs.py:145 - GET: https://fe-static.xhscdn.com/formula-static/ugc/public/resource/js/mp4box.1a4d8cdf.js
[016557] 2026-05-20 13:25:38 - DEBUG - /home/runner/work/ghapi-action/ghapi-action/arxiv/xhs.py:148 - [200]: https://fe-static.xhscdn.com/formula-static/ugc/public/resource/js/mp4box.1a4d8cdf.js
[016560] 2026-05-20 13:25:38 - DEBUG - /home/runner/work/ghapi-action/ghapi-action/arxiv/xhs.py:145 - GET: https://fe-static.xhscdn.com/formula-static/ugc/public/resource/js/9571.cfcf170a.js
[016560] 2026-05-20 13:25:38 - DEBUG - /home/runner/work/ghapi-action/ghapi-action/arxiv/xhs.py:148 - [200]: https://fe-static.xhscdn.com/formula-static/ugc/public/resource/js/9571.cfcf170a.js
[016561] 2026-05-20 13:25:38 - DEBUG - /home/runner/work/ghapi-action/ghapi-action/arxiv/xhs.py:145 - GET: https://fe-static.xhscdn.com/formula-static/ugc/public/resource/js/index.619a1621.js
[016561] 2026-05-20 13:25:38 - DEBUG - /home/runner/work/ghapi-action/ghapi-action/arxiv/xhs.py:148 - [200]: https://fe-static.xhscdn.com/formula-static/ugc/public/resource/js/index.619a1621.js
[016561] 2026-05-20 13:25:38 - DEBUG - /home/runner/work/ghapi-action/ghapi-action/arxiv/xhs.py:145 - GET: https://fe-static.xhscdn.com/formula-static/ugc/public/resource/css/library-delight.67c4b644.css
[016563] 2026-05-20 13:25:38 - DEBUG - /home/runner/work/ghapi-action/ghapi-action/arxiv/xhs.py:148 - [200]: https://fe-static.xhscdn.com/formula-static/ugc/public/resource/css/library-delight.67c4b644.css
[016564] 2026-05-20 13:25:38 - DEBUG - /home/runner/work/ghapi-action/ghapi-action/arxiv/xhs.py:145 - GET: https://fe-static.xhscdn.com/formula-static/ugc/public/resource/css/project-publish-vue.a17f48f5.css
[016564] 2026-05-20 13:25:38 - DEBUG - /home/runner/work/ghapi-action/ghapi-action/arxiv/xhs.py:148 - [200]: https://fe-static.xhscdn.com/formula-static/ugc/public/resource/css/project-publish-vue.a17f48f5.css
[016564] 2026-05-20 13:25:38 - DEBUG - /home/runner/work/ghapi-action/ghapi-action/arxiv/xhs.py:145 - GET: https://fe-static.xhscdn.com/formula-static/ugc/public/resource/css/library-element-plus.12a8b6d7.css
[016565] 2026-05-20 13:25:38 - DEBUG - /home/runner/work/ghapi-action/ghapi-action/arxiv/xhs.py:148 - [200]: https://fe-static.xhscdn.com/formula-static/ugc/public/resource/css/library-element-plus.12a8b6d7.css
[016565] 2026-05-20 13:25:38 - DEBUG - /home/runner/work/ghapi-action/ghapi-action/arxiv/xhs.py:145 - GET: https://fe-static.xhscdn.com/formula-static/ugc/public/resource/css/library-launcher.d1f5fad0.css
[016565] 2026-05-20 13:25:38 - DEBUG - /home/runner/work/ghapi-action/ghapi-action/arxiv/xhs.py:148 - [200]: https://fe-static.xhscdn.com/formula-static/ugc/public/resource/css/library-launcher.d1f5fad0.css
[016566] 2026-05-20 13:25:38 - DEBUG - /home/runner/work/ghapi-action/ghapi-action/arxiv/xhs.py:145 - GET: https://fe-static.xhscdn.com/formula-static/ugc/public/resource/css/project-publish-components.a13a8cf5.css
[016566] 2026-05-20 13:25:38 - DEBUG - /home/runner/work/ghapi-action/ghapi-action/arxiv/xhs.py:148 - [200]: https://fe-static.xhscdn.com/formula-static/ugc/public/resource/css/project-publish-components.a13a8cf5.css
[016567] 2026-05-20 13:25:38 - DEBUG - /home/runner/work/ghapi-action/ghapi-action/arxiv/xhs.py:145 - GET: https://fe-static.xhscdn.com/formula-static/ugc/public/resource/css/library-swiper.c6c2b4bf.css
[016567] 2026-05-20 13:25:38 - DEBUG - /home/runner/work/ghapi-action/ghapi-action/arxiv/xhs.py:148 - [200]: https://fe-static.xhscdn.com/formula-static/ugc/public/resource/css/library-swiper.c6c2b4bf.css
[016567] 2026-05-20 13:25:38 - DEBUG - /home/runner/work/ghapi-action/ghapi-action/arxiv/xhs.py:145 - GET: https://fe-static.xhscdn.com/formula-static/ugc/public/resource/css/library-shepherd.4752e570.css
[016568] 2026-05-20 13:25:38 - DEBUG - /home/runner/work/ghapi-action/ghapi-action/arxiv/xhs.py:148 - [200]: https://fe-static.xhscdn.com/formula-static/ugc/public/resource/css/library-shepherd.4752e570.css
[016568] 2026-05-20 13:25:38 - DEBUG - /home/runner/work/ghapi-action/ghapi-action/arxiv/xhs.py:145 - GET: https://fe-static.xhscdn.com/formula-static/ugc/public/resource/css/library-cropper.90fe89d2.css
[016569] 2026-05-20 13:25:38 - DEBUG - /home/runner/work/ghapi-action/ghapi-action/arxiv/xhs.py:148 - [200]: https://fe-static.xhscdn.com/formula-static/ugc/public/resource/css/library-cropper.90fe89d2.css
[016569] 2026-05-20 13:25:38 - DEBUG - /home/runner/work/ghapi-action/ghapi-action/arxiv/xhs.py:145 - GET: https://fe-static.xhscdn.com/formula-static/ugc/public/resource/css/9571.f4298698.css
[016569] 2026-05-20 13:25:38 - DEBUG - /home/runner/work/ghapi-action/ghapi-action/arxiv/xhs.py:148 - [200]: https://fe-static.xhscdn.com/formula-static/ugc/public/resource/css/9571.f4298698.css
[016570] 2026-05-20 13:25:38 - DEBUG - /home/runner/work/ghapi-action/ghapi-action/arxiv/xhs.py:145 - GET: https://fe-static.xhscdn.com/formula-static/ugc/public/resource/css/index.ad815e0c.css
[016571] 2026-05-20 13:25:38 - DEBUG - /home/runner/work/ghapi-action/ghapi-action/arxiv/xhs.py:148 - [200]: https://fe-static.xhscdn.com/formula-static/ugc/public/resource/css/index.ad815e0c.css
[016808] 2026-05-20 13:25:38 - DEBUG - /home/runner/work/ghapi-action/ghapi-action/arxiv/xhs.py:145 - GET: https://fe-static.xhscdn.com/formula-static/ugc/public/resource/image/delete.1d1c19d7.png
[016810] 2026-05-20 13:25:38 - DEBUG - /home/runner/work/ghapi-action/ghapi-action/arxiv/xhs.py:148 - [200]: https://fe-static.xhscdn.com/formula-static/ugc/public/resource/image/delete.1d1c19d7.png
[016812] 2026-05-20 13:25:38 - DEBUG - /home/runner/work/ghapi-action/ghapi-action/arxiv/xhs.py:145 - GET: https://fe-static.xhscdn.com/formula-static/ugc/public/resource/image/rotate.b15866a9.png
[016812] 2026-05-20 13:25:38 - DEBUG - /home/runner/work/ghapi-action/ghapi-action/arxiv/xhs.py:148 - [200]: https://fe-static.xhscdn.com/formula-static/ugc/public/resource/image/rotate.b15866a9.png
[016815] 2026-05-20 13:25:38 - DEBUG - /home/runner/work/ghapi-action/ghapi-action/arxiv/xhs.py:145 - GET: https://fe-static.xhscdn.com/formula-static/ugc/public/resource/image/copy.8d6a3751.png
[016815] 2026-05-20 13:25:38 - DEBUG - /home/runner/work/ghapi-action/ghapi-action/arxiv/xhs.py:148 - [200]: https://fe-static.xhscdn.com/formula-static/ugc/public/resource/image/copy.8d6a3751.png
[016818] 2026-05-20 13:25:38 - DEBUG - /home/runner/work/ghapi-action/ghapi-action/arxiv/xhs.py:145 - GET: https://fe-static.xhscdn.com/formula-static/ugc/public/resource/image/plus.d6c322bd.png
[016818] 2026-05-20 13:25:38 - DEBUG - /home/runner/work/ghapi-action/ghapi-action/arxiv/xhs.py:148 - [200]: https://fe-static.xhscdn.com/formula-static/ugc/public/resource/image/plus.d6c322bd.png
[016824] 2026-05-20 13:25:38 - DEBUG - /home/runner/work/ghapi-action/ghapi-action/arxiv/xhs.py:145 - GET: https://fe-video-qc.xhscdn.com/fe-platform/abf6e0874371419fa6fffa7540610e2013588fe6/html2canvas.min.js
[016832] 2026-05-20 13:25:38 - DEBUG - /home/runner/work/ghapi-action/ghapi-action/arxiv/xhs.py:148 - [200]: https://fe-video-qc.xhscdn.com/fe-platform/abf6e0874371419fa6fffa7540610e2013588fe6/html2canvas.min.js
[016832] 2026-05-20 13:25:38 - DEBUG - /home/runner/work/ghapi-action/ghapi-action/arxiv/xhs.py:145 - GET: https://fe-static.xhscdn.com/formula-static/ugc/public/resource/js/async/6391.81c30119.js
[016835] 2026-05-20 13:25:38 - DEBUG - /home/runner/work/ghapi-action/ghapi-action/arxiv/xhs.py:148 - [200]: https://fe-static.xhscdn.com/formula-static/ugc/public/resource/js/async/6391.81c30119.js
[016840] 2026-05-20 13:25:38 - DEBUG - /home/runner/work/ghapi-action/ghapi-action/arxiv/xhs.py:145 - POST: https://as.xiaohongshu.com/api/p/pj
[016841] 2026-05-20 13:25:38 - DEBUG - /home/runner/work/ghapi-action/ghapi-action/arxiv/xhs.py:145 - POST: https://edith.xiaohongshu.com/api/redcaptcha/v2/getconfig
[016919] 2026-05-20 13:25:38 - DEBUG - /home/runner/work/ghapi-action/ghapi-action/arxiv/xhs.py:145 - POST: https://as.xiaohongshu.com/api/sec/v1/scripting
[016921] 2026-05-20 13:25:38 - DEBUG - /home/runner/work/ghapi-action/ghapi-action/arxiv/xhs.py:145 - POST: https://as.xiaohongshu.com/api/sec/v1/sbtsource
[016924] 2026-05-20 13:25:38 - DEBUG - /home/runner/work/ghapi-action/ghapi-action/arxiv/xhs.py:145 - GET: https://fe-static.xhscdn.com/formula-static/ugc/public/resource/js/async/9510.cf62219b.js
[016924] 2026-05-20 13:25:38 - DEBUG - /home/runner/work/ghapi-action/ghapi-action/arxiv/xhs.py:148 - [200]: https://fe-static.xhscdn.com/formula-static/ugc/public/resource/js/async/9510.cf62219b.js
[016925] 2026-05-20 13:25:38 - DEBUG - /home/runner/work/ghapi-action/ghapi-action/arxiv/xhs.py:145 - GET: https://fe-static.xhscdn.com/formula-static/ugc/public/resource/css/async/6378.c3542eaa.css
[016925] 2026-05-20 13:25:38 - DEBUG - /home/runner/work/ghapi-action/ghapi-action/arxiv/xhs.py:148 - [200]: https://fe-static.xhscdn.com/formula-static/ugc/public/resource/css/async/6378.c3542eaa.css
[016925] 2026-05-20 13:25:38 - DEBUG - /home/runner/work/ghapi-action/ghapi-action/arxiv/xhs.py:145 - GET: https://fe-static.xhscdn.com/formula-static/ugc/public/resource/js/async/6378.268767a9.js
[016926] 2026-05-20 13:25:38 - DEBUG - /home/runner/work/ghapi-action/ghapi-action/arxiv/xhs.py:148 - [200]: https://fe-static.xhscdn.com/formula-static/ugc/public/resource/js/async/6378.268767a9.js
[016927] 2026-05-20 13:25:38 - DEBUG - /home/runner/work/ghapi-action/ghapi-action/arxiv/xhs.py:145 - GET: https://fe-static.xhscdn.com/formula-static/ugc/public/resource/css/async/6583.200d3dce.css
[016927] 2026-05-20 13:25:38 - DEBUG - /home/runner/work/ghapi-action/ghapi-action/arxiv/xhs.py:148 - [200]: https://fe-static.xhscdn.com/formula-static/ugc/public/resource/css/async/6583.200d3dce.css
[016928] 2026-05-20 13:25:38 - DEBUG - /home/runner/work/ghapi-action/ghapi-action/arxiv/xhs.py:145 - GET: https://fe-static.xhscdn.com/formula-static/ugc/public/resource/js/async/6583.e784dd1e.js
[016928] 2026-05-20 13:25:38 - DEBUG - /home/runner/work/ghapi-action/ghapi-action/arxiv/xhs.py:148 - [200]: https://fe-static.xhscdn.com/formula-static/ugc/public/resource/js/async/6583.e784dd1e.js
[017134] 2026-05-20 13:25:39 - DEBUG - /home/runner/work/ghapi-action/ghapi-action/arxiv/xhs.py:148 - [200]: https://as.xiaohongshu.com/api/p/pj
[017136] 2026-05-20 13:25:39 - DEBUG - /home/runner/work/ghapi-action/ghapi-action/arxiv/xhs.py:148 - [200]: https://edith.xiaohongshu.com/api/redcaptcha/v2/getconfig
[017138] 2026-05-20 13:25:39 - DEBUG - /home/runner/work/ghapi-action/ghapi-action/arxiv/xhs.py:145 - GET: https://fe-video-qc.xhscdn.com/fe-platform-file/104101b83203nt9iriq06ircja8jp60000000004v8odjg
[017222] 2026-05-20 13:25:39 - DEBUG - /home/runner/work/ghapi-action/ghapi-action/arxiv/xhs.py:145 - GET: https://fe-static.xhscdn.com/formula-static/ugc/public/resource/image/background.bb565efc.png
[017222] 2026-05-20 13:25:39 - DEBUG - /home/runner/work/ghapi-action/ghapi-action/arxiv/xhs.py:148 - [200]: https://fe-static.xhscdn.com/formula-static/ugc/public/resource/image/background.bb565efc.png
[017255] 2026-05-20 13:25:39 - DEBUG - /home/runner/work/ghapi-action/ghapi-action/arxiv/xhs.py:145 - GET: https://customer.xiaohongshu.com/api/cas/customer/web/zones?service=https:%2F%2Fcreator.xiaohongshu.com
[017256] 2026-05-20 13:25:39 - DEBUG - /home/runner/work/ghapi-action/ghapi-action/arxiv/xhs.py:145 - POST: https://customer.xiaohongshu.com/api/cas/customer/web/service-ticket
[017269] 2026-05-20 13:25:39 - DEBUG - /home/runner/work/ghapi-action/ghapi-action/arxiv/xhs.py:148 - [200]: https://fe-video-qc.xhscdn.com/fe-platform-file/104101b83203nt9iriq06ircja8jp60000000004v8odjg
[017275] 2026-05-20 13:25:39 - DEBUG - /home/runner/work/ghapi-action/ghapi-action/arxiv/xhs.py:145 - POST: https://apm-fe.xiaohongshu.com/api/data
[017385] 2026-05-20 13:25:39 - DEBUG - /home/runner/work/ghapi-action/ghapi-action/arxiv/xhs.py:145 - POST: https://apm-fe.xiaohongshu.com/api/data
[017386] 2026-05-20 13:25:39 - DEBUG - /home/runner/work/ghapi-action/ghapi-action/arxiv/xhs.py:145 - POST: https://apm-fe.xiaohongshu.com/api/data
[017391] 2026-05-20 13:25:39 - DEBUG - /home/runner/work/ghapi-action/ghapi-action/arxiv/xhs.py:145 - POST: https://apm-fe.xiaohongshu.com/api/data
[017391] 2026-05-20 13:25:39 - DEBUG - /home/runner/work/ghapi-action/ghapi-action/arxiv/xhs.py:145 - POST: https://apm-fe.xiaohongshu.com/api/data
[017391] 2026-05-20 13:25:39 - DEBUG - /home/runner/work/ghapi-action/ghapi-action/arxiv/xhs.py:145 - POST: https://apm-fe.xiaohongshu.com/api/data
[017399] 2026-05-20 13:25:39 - DEBUG - /home/runner/work/ghapi-action/ghapi-action/arxiv/xhs.py:145 - POST: https://apm-fe.xiaohongshu.com/api/data
[017399] 2026-05-20 13:25:39 - DEBUG - /home/runner/work/ghapi-action/ghapi-action/arxiv/xhs.py:145 - POST: https://apm-fe.xiaohongshu.com/api/data
[017399] 2026-05-20 13:25:39 - DEBUG - /home/runner/work/ghapi-action/ghapi-action/arxiv/xhs.py:145 - POST: https://apm-fe.xiaohongshu.com/api/data
[017400] 2026-05-20 13:25:39 - DEBUG - /home/runner/work/ghapi-action/ghapi-action/arxiv/xhs.py:145 - POST: https://apm-fe.xiaohongshu.com/api/data
[017485] 2026-05-20 13:25:39 - DEBUG - /home/runner/work/ghapi-action/ghapi-action/arxiv/xhs.py:148 - [200]: https://apm-fe.xiaohongshu.com/api/data
[017587] 2026-05-20 13:25:39 - DEBUG - /home/runner/work/ghapi-action/ghapi-action/arxiv/xhs.py:148 - [200]: https://as.xiaohongshu.com/api/sec/v1/scripting
[017598] 2026-05-20 13:25:39 - DEBUG - /home/runner/work/ghapi-action/ghapi-action/arxiv/xhs.py:145 - POST: https://apm-fe.xiaohongshu.com/api/data
[017690] 2026-05-20 13:25:39 - DEBUG - /home/runner/work/ghapi-action/ghapi-action/arxiv/xhs.py:148 - [200]: https://apm-fe.xiaohongshu.com/api/data
[017814] 2026-05-20 13:25:39 - DEBUG - /home/runner/work/ghapi-action/ghapi-action/arxiv/xhs.py:148 - [200]: https://as.xiaohongshu.com/api/sec/v1/sbtsource
[017816] 2026-05-20 13:25:39 - DEBUG - /home/runner/work/ghapi-action/ghapi-action/arxiv/xhs.py:145 - GET: https://fe-static.xhscdn.com/as/v1/3e44/public/bf7d4e32677698655a5cadc581fd09b3.js
[017816] 2026-05-20 13:25:39 - DEBUG - /home/runner/work/ghapi-action/ghapi-action/arxiv/xhs.py:145 - GET: https://fe-static.xhscdn.com/as/v1/f218/a15/public/04b29480233f4def5c875875b6bdc3b1.js
[017819] 2026-05-20 13:25:39 - DEBUG - /home/runner/work/ghapi-action/ghapi-action/arxiv/xhs.py:145 - GET: https://fe-static.xhscdn.com/as/v2/fp/643f48183a62c46e6c924b3f0456767a.js
[017849] 2026-05-20 13:25:39 - DEBUG - /home/runner/work/ghapi-action/ghapi-action/arxiv/xhs.py:145 - POST: https://as.xiaohongshu.com/api/sec/v1/scripting
[017851] 2026-05-20 13:25:39 - DEBUG - /home/runner/work/ghapi-action/ghapi-action/arxiv/xhs.py:148 - [200]: https://fe-static.xhscdn.com/as/v1/f218/a15/public/04b29480233f4def5c875875b6bdc3b1.js
[018015] 2026-05-20 13:25:40 - DEBUG - /home/runner/work/ghapi-action/ghapi-action/arxiv/xhs.py:148 - [200]: https://fe-static.xhscdn.com/as/v1/3e44/public/bf7d4e32677698655a5cadc581fd09b3.js
[018017] 2026-05-20 13:25:40 - DEBUG - /home/runner/work/ghapi-action/ghapi-action/arxiv/xhs.py:148 - [200]: https://fe-static.xhscdn.com/as/v2/fp/643f48183a62c46e6c924b3f0456767a.js
[018102] 2026-05-20 13:25:40 - DEBUG - /home/runner/work/ghapi-action/ghapi-action/arxiv/xhs.py:148 - [200]: https://apm-fe.xiaohongshu.com/api/data
[018431] 2026-05-20 13:25:40 - DEBUG - /home/runner/work/ghapi-action/ghapi-action/arxiv/xhs.py:145 - GET: https://fe-video-qc.xhscdn.com/picasso-editor/f1dbcdb3e3dae24e5b04a39512c7eb6c5ef202c2.mp4_video_original_mp4
[018432] 2026-05-20 13:25:40 - DEBUG - /home/runner/work/ghapi-action/ghapi-action/arxiv/xhs.py:148 - [200]: https://apm-fe.xiaohongshu.com/api/data
[018432] 2026-05-20 13:25:40 - DEBUG - /home/runner/work/ghapi-action/ghapi-action/arxiv/xhs.py:148 - [206]: https://fe-video-qc.xhscdn.com/picasso-editor/f1dbcdb3e3dae24e5b04a39512c7eb6c5ef202c2.mp4_video_original_mp4
[018447] 2026-05-20 13:25:40 - DEBUG - /home/runner/work/ghapi-action/ghapi-action/arxiv/xhs.py:145 - GET: https://fe-video-qc.xhscdn.com/picasso-editor/a00472903313b9a87fedd3a69a854e37c6037a8a.mp4_video_original_mp4
[018455] 2026-05-20 13:25:40 - DEBUG - /home/runner/work/ghapi-action/ghapi-action/arxiv/xhs.py:148 - [206]: https://fe-video-qc.xhscdn.com/picasso-editor/a00472903313b9a87fedd3a69a854e37c6037a8a.mp4_video_original_mp4
[018465] 2026-05-20 13:25:40 - DEBUG - /home/runner/work/ghapi-action/ghapi-action/arxiv/xhs.py:145 - GET: https://fe-video-qc.xhscdn.com/picasso-editor/e127c2e0619048e7bfa67ce15162a54ff1d5bcd4.mp4_video_original_mp4
[018469] 2026-05-20 13:25:40 - DEBUG - /home/runner/work/ghapi-action/ghapi-action/arxiv/xhs.py:148 - [206]: https://fe-video-qc.xhscdn.com/picasso-editor/e127c2e0619048e7bfa67ce15162a54ff1d5bcd4.mp4_video_original_mp4
[018513] 2026-05-20 13:25:40 - DEBUG - /home/runner/work/ghapi-action/ghapi-action/arxiv/xhs.py:148 - [200]: https://apm-fe.xiaohongshu.com/api/data
[018527] 2026-05-20 13:25:40 - DEBUG - /home/runner/work/ghapi-action/ghapi-action/arxiv/xhs.py:145 - GET: https://fe-video-qc.xhscdn.com/picasso-editor/c2eb6f3a166720cb47d75d82ce9baf252d4e966b.mp4_video_original_mp4
[018527] 2026-05-20 13:25:40 - DEBUG - /home/runner/work/ghapi-action/ghapi-action/arxiv/xhs.py:145 - GET: https://fe-video-qc.xhscdn.com/picasso-editor/61f51a6c21075bcfa52d4751404d72b37f4fc445.mp4_video_original_mp4
[018578] 2026-05-20 13:25:40 - DEBUG - /home/runner/work/ghapi-action/ghapi-action/arxiv/xhs.py:148 - [206]: https://fe-video-qc.xhscdn.com/picasso-editor/c2eb6f3a166720cb47d75d82ce9baf252d4e966b.mp4_video_original_mp4
[018582] 2026-05-20 13:25:40 - DEBUG - /home/runner/work/ghapi-action/ghapi-action/arxiv/xhs.py:148 - [206]: https://fe-video-qc.xhscdn.com/picasso-editor/61f51a6c21075bcfa52d4751404d72b37f4fc445.mp4_video_original_mp4
[018602] 2026-05-20 13:25:40 - DEBUG - /home/runner/work/ghapi-action/ghapi-action/arxiv/xhs.py:148 - [200]: https://customer.xiaohongshu.com/api/cas/customer/web/service-ticket
[018602] 2026-05-20 13:25:40 - DEBUG - /home/runner/work/ghapi-action/ghapi-action/arxiv/xhs.py:148 - [200]: https://customer.xiaohongshu.com/api/cas/customer/web/zones?service=https:%2F%2Fcreator.xiaohongshu.com
[018619] 2026-05-20 13:25:40 - DEBUG - /home/runner/work/ghapi-action/ghapi-action/arxiv/xhs.py:145 - POST: https://apm-fe.xiaohongshu.com/api/data
[018625] 2026-05-20 13:25:40 - DEBUG - /home/runner/work/ghapi-action/ghapi-action/arxiv/xhs.py:145 - GET: https://fe-video-qc.xhscdn.com/picasso-editor/f714d38ae9cba0b253cb1d22c1c3816d1c0e58e5.mp4_video_original_mp4
[018625] 2026-05-20 13:25:40 - DEBUG - /home/runner/work/ghapi-action/ghapi-action/arxiv/xhs.py:148 - [200]: https://apm-fe.xiaohongshu.com/api/data
[018628] 2026-05-20 13:25:40 - DEBUG - /home/runner/work/ghapi-action/ghapi-action/arxiv/xhs.py:145 - GET: https://fe-video-qc.xhscdn.com/picasso-editor/1bc37eeafdc71585d23f2550f7eba8cf90497edf.mp4_video_original_mp4
[018631] 2026-05-20 13:25:40 - DEBUG - /home/runner/work/ghapi-action/ghapi-action/arxiv/xhs.py:148 - [206]: https://fe-video-qc.xhscdn.com/picasso-editor/f714d38ae9cba0b253cb1d22c1c3816d1c0e58e5.mp4_video_original_mp4
[018633] 2026-05-20 13:25:40 - DEBUG - /home/runner/work/ghapi-action/ghapi-action/arxiv/xhs.py:148 - [206]: https://fe-video-qc.xhscdn.com/picasso-editor/1bc37eeafdc71585d23f2550f7eba8cf90497edf.mp4_video_original_mp4
[018842] 2026-05-20 13:25:40 - DEBUG - /home/runner/work/ghapi-action/ghapi-action/arxiv/xhs.py:148 - [200]: https://as.xiaohongshu.com/api/sec/v1/scripting
[018842] 2026-05-20 13:25:40 - DEBUG - /home/runner/work/ghapi-action/ghapi-action/arxiv/xhs.py:148 - [200]: https://apm-fe.xiaohongshu.com/api/data
[019152] 2026-05-20 13:25:41 - DEBUG - /home/runner/work/ghapi-action/ghapi-action/arxiv/xhs.py:145 - GET: chrome-extension://invalid/
[019153] 2026-05-20 13:25:41 - DEBUG - /home/runner/work/ghapi-action/ghapi-action/arxiv/xhs.py:145 - GET: chrome-extension://invalid/
[019153] 2026-05-20 13:25:41 - DEBUG - /home/runner/work/ghapi-action/ghapi-action/arxiv/xhs.py:145 - GET: chrome-extension://invalid/
[019153] 2026-05-20 13:25:41 - DEBUG - /home/runner/work/ghapi-action/ghapi-action/arxiv/xhs.py:145 - GET: chrome-extension://invalid/
[019157] 2026-05-20 13:25:41 - DEBUG - /home/runner/work/ghapi-action/ghapi-action/arxiv/xhs.py:145 - GET: chrome-extension://invalid/
[019157] 2026-05-20 13:25:41 - DEBUG - /home/runner/work/ghapi-action/ghapi-action/arxiv/xhs.py:145 - GET: chrome-extension://invalid/
[019157] 2026-05-20 13:25:41 - DEBUG - /home/runner/work/ghapi-action/ghapi-action/arxiv/xhs.py:145 - GET: chrome-extension://invalid/
[019158] 2026-05-20 13:25:41 - DEBUG - /home/runner/work/ghapi-action/ghapi-action/arxiv/xhs.py:145 - GET: chrome-extension://invalid/
[019199] 2026-05-20 13:25:41 - DEBUG - /home/runner/work/ghapi-action/ghapi-action/arxiv/xhs.py:148 - [200]: https://apm-fe.xiaohongshu.com/api/data
[019245] 2026-05-20 13:25:41 - DEBUG - /home/runner/work/ghapi-action/ghapi-action/arxiv/xhs.py:148 - [200]: https://apm-fe.xiaohongshu.com/api/data
[019560] 2026-05-20 13:25:41 - DEBUG - /home/runner/work/ghapi-action/ghapi-action/arxiv/xhs.py:148 - [200]: https://apm-fe.xiaohongshu.com/api/data
[019902] 2026-05-20 13:25:41 - DEBUG - /home/runner/work/ghapi-action/ghapi-action/arxiv/xhs.py:148 - [200]: https://apm-fe.xiaohongshu.com/api/data
[019916] 2026-05-20 13:25:41 - DEBUG - /home/runner/work/ghapi-action/ghapi-action/arxiv/xhs.py:148 - [200]: https://apm-fe.xiaohongshu.com/api/data
[020492] 2026-05-20 13:25:42 - DEBUG - /home/runner/work/ghapi-action/ghapi-action/arxiv/xhs.py:145 - GET: https://picasso-static.xiaohongshu.com/fe-platform/879b789b01030ed45ce198de8229cab980bc176f.png
[020492] 2026-05-20 13:25:42 - DEBUG - /home/runner/work/ghapi-action/ghapi-action/arxiv/xhs.py:145 - GET: https://picasso-static.xiaohongshu.com/fe-platform/879b789b01030ed45ce198de8229cab980bc176f.png
[020492] 2026-05-20 13:25:42 - DEBUG - /home/runner/work/ghapi-action/ghapi-action/arxiv/xhs.py:145 - GET: https://picasso-static.xiaohongshu.com/fe-platform/879b789b01030ed45ce198de8229cab980bc176f.png
[021191] 2026-05-20 13:25:43 - DEBUG - /home/runner/work/ghapi-action/ghapi-action/arxiv/xhs.py:145 - POST: https://as.xiaohongshu.com/api/sec/v1/shield/webprofile
[021392] 2026-05-20 13:25:43 - DEBUG - /home/runner/work/ghapi-action/ghapi-action/arxiv/xhs.py:148 - [200]: https://picasso-static.xiaohongshu.com/fe-platform/879b789b01030ed45ce198de8229cab980bc176f.png
[021467] 2026-05-20 13:25:43 - DEBUG - /home/runner/work/ghapi-action/ghapi-action/arxiv/xhs.py:148 - [200]: https://picasso-static.xiaohongshu.com/fe-platform/879b789b01030ed45ce198de8229cab980bc176f.png
[021487] 2026-05-20 13:25:43 - DEBUG - /home/runner/work/ghapi-action/ghapi-action/arxiv/xhs.py:148 - [200]: https://picasso-static.xiaohongshu.com/fe-platform/879b789b01030ed45ce198de8229cab980bc176f.png
[022298] 2026-05-20 13:25:44 - DEBUG - /home/runner/work/ghapi-action/ghapi-action/arxiv/xhs.py:148 - [200]: https://as.xiaohongshu.com/api/sec/v1/shield/webprofile
[022301] 2026-05-20 13:25:44 - DEBUG - /home/runner/work/ghapi-action/ghapi-action/arxiv/xhs.py:145 - POST: https://apm-fe.xiaohongshu.com/api/data
[022930] 2026-05-20 13:25:44 - DEBUG - /home/runner/work/ghapi-action/ghapi-action/arxiv/xhs.py:148 - [200]: https://apm-fe.xiaohongshu.com/api/data
[024188] 2026-05-20 13:25:46 - DEBUG - /home/runner/work/ghapi-action/ghapi-action/arxiv/xhs.py:145 - POST: https://apm-fe.xiaohongshu.com/api/data
[024399] 2026-05-20 13:25:46 - DEBUG - /home/runner/work/ghapi-action/ghapi-action/arxiv/xhs.py:148 - [200]: https://apm-fe.xiaohongshu.com/api/data
[029889] 2026-05-20 13:25:51 - DEBUG - /home/runner/work/ghapi-action/ghapi-action/arxiv/xhs.py:145 - POST: https://as.xiaohongshu.com/api/sec/v1/shield/webprofile
[032917] 2026-05-20 13:25:54 - DEBUG - /home/runner/work/ghapi-action/ghapi-action/arxiv/xhs.py:148 - [200]: https://as.xiaohongshu.com/api/sec/v1/shield/webprofile
[037957] 2026-05-20 13:25:59 - DEBUG - /home/runner/work/ghapi-action/ghapi-action/arxiv/xhs.py:145 - POST: https://apm-fe.xiaohongshu.com/api/data
[038796] 2026-05-20 13:26:00 - DEBUG - /home/runner/work/ghapi-action/ghapi-action/arxiv/xhs.py:148 - [200]: https://apm-fe.xiaohongshu.com/api/data
[040824] 2026-05-20 13:26:02 - ERROR - /home/runner/work/ghapi-action/ghapi-action/arxiv/xhs.py:238 - publish timeout.
Traceback (most recent call last):
  File "/home/runner/work/ghapi-action/ghapi-action/arxiv/xhs.py", line 235, in amain
    await asyncio.to_thread(main)
  File "/opt/hostedtoolcache/Python/3.12.13/x64/lib/python3.12/asyncio/threads.py", line 25, in to_thread
    return await loop.run_in_executor(None, func_call)
           ^^^^^^^^^^^^^^^^^^^^^^^^^^^^^^^^^^^^^^^^^^^
asyncio.exceptions.CancelledError

The above exception was the direct cause of the following exception:

Traceback (most recent call last):
  File "/home/runner/work/ghapi-action/ghapi-action/arxiv/xhs.py", line 234, in amain
    async with asyncio.timeout(40):
               ^^^^^^^^^^^^^^^^^^^
  File "/opt/hostedtoolcache/Python/3.12.13/x64/lib/python3.12/asyncio/timeouts.py", line 115, in __aexit__
    raise TimeoutError from exc_val
TimeoutError
[043995] 2026-05-20 13:26:06 - ERROR - /home/runner/work/ghapi-action/ghapi-action/arxiv/xhs.py:227 - publish failed.
Traceback (most recent call last):
  File "/home/runner/work/ghapi-action/ghapi-action/arxiv/xhs.py", line 224, in main
    publish_hf_paper(page)
  File "/home/runner/work/ghapi-action/ghapi-action/arxiv/xhs.py", line 173, in publish_hf_paper
    box = upload_image_btn.bounding_box()
          ^^^^^^^^^^^^^^^^^^^^^^^^^^^^^^^
  File "/opt/hostedtoolcache/Python/3.12.13/x64/lib/python3.12/site-packages/playwright/sync_api/_generated.py", line 17270, in bounding_box
    self._sync(self._impl_obj.bounding_box(timeout=to_milliseconds(timeout)))
  File "/opt/hostedtoolcache/Python/3.12.13/x64/lib/python3.12/site-packages/playwright/_impl/_sync_base.py", line 115, in _sync
    return task.result()
           ^^^^^^^^^^^^^
  File "/opt/hostedtoolcache/Python/3.12.13/x64/lib/python3.12/site-packages/playwright/_impl/_locator.py", line 133, in bounding_box
    return await self._with_element(
           ^^^^^^^^^^^^^^^^^^^^^^^^^
  File "/opt/hostedtoolcache/Python/3.12.13/x64/lib/python3.12/site-packages/playwright/_impl/_locator.py", line 114, in _with_element
    handle = await self.element_handle(timeout=timeout)
             ^^^^^^^^^^^^^^^^^^^^^^^^^^^^^^^^^^^^^^^^^^
  File "/opt/hostedtoolcache/Python/3.12.13/x64/lib/python3.12/site-packages/playwright/_impl/_locator.py", line 322, in element_handle
    handle = await self._frame.wait_for_selector(
             ^^^^^^^^^^^^^^^^^^^^^^^^^^^^^^^^^^^^
  File "/opt/hostedtoolcache/Python/3.12.13/x64/lib/python3.12/site-packages/playwright/_impl/_frame.py", line 372, in wait_for_selector
    await self._channel.send(
  File "/opt/hostedtoolcache/Python/3.12.13/x64/lib/python3.12/site-packages/playwright/_impl/_connection.py", line 69, in send
    return await self._connection.wrap_api_call(
           ^^^^^^^^^^^^^^^^^^^^^^^^^^^^^^^^^^^^^
  File "/opt/hostedtoolcache/Python/3.12.13/x64/lib/python3.12/site-packages/playwright/_impl/_connection.py", line 559, in wrap_api_call
    raise rewrite_error(error, f"{parsed_st['apiName']}: {error}") from None
playwright._impl._errors.TimeoutError: Locator.bounding_box: Timeout 30000ms exceeded.
Call log:
  - waiting for get_by_text("上传图文").last

